<?xml version="1.0" encoding="UTF-8"?>
<testng-results ignored="0" total="1" passed="1" failed="0" skipped="0">
  <reporter-output>
  </reporter-output>
  <suite started-at="2023-04-11T15:00:04 IST" name="Default suite" finished-at="2023-04-11T15:00:22 IST" duration-ms="17472">
    <groups>
    </groups>
    <test started-at="2023-04-11T15:00:04 IST" name="Default test" finished-at="2023-04-11T15:00:22 IST" duration-ms="17472">
      <class name="com.scripts.Tscripts">
        <test-method is-config="true" signature="opp()[pri:0, instance:com.scripts.Tscripts@15bbf42f]" started-at="2023-04-11T15:00:05 IST" name="opp" finished-at="2023-04-11T15:00:20 IST" duration-ms="15084" status="PASS">
          <reporter-output>
          </reporter-output>
        </test-method> <!-- opp -->
        <test-method signature="exe(java.lang.String,java.lang.String)[pri:0, instance:com.scripts.Tscripts@15bbf42f]" started-at="2023-04-11T15:00:20 IST" name="exe" data-provider="testdata" finished-at="2023-04-11T15:00:22 IST" duration-ms="1344" status="PASS">
          <params>
            <param index="0">
              <value>
                <![CDATA[9.916801544E9]]>
              </value>
            </param>
            <param index="1">
              <value>
                <![CDATA[9.448972941E9]]>
              </value>
            </param>
          </params>
          <reporter-output>
          </reporter-output>
        </test-method> <!-- exe -->
        <test-method is-config="true" signature="closeapp()[pri:0, instance:com.scripts.Tscripts@15bbf42f]" started-at="2023-04-11T15:00:22 IST" name="closeapp" finished-at="2023-04-11T15:00:22 IST" duration-ms="1" status="PASS">
          <reporter-output>
          </reporter-output>
        </test-method> <!-- closeapp -->
      </class> <!-- com.scripts.Tscripts -->
    </test> <!-- Default test -->
  </suite> <!-- Default suite -->
</testng-results>
